<?xml version="1.0" encoding="UTF-8"?>
<!-- Generated by org.testng.reporters.JUnitXMLReporter -->
<testsuite ignored="0" hostname="itp-lapw175" failures="0" tests="16" name="Surefire test" time="28.537" errors="0" timestamp="2024-10-15T14:20:11 IST">
  <testcase classname="api.test.DDTests" name="testPostUser" time="3.58"/>
  <testcase classname="api.test.DDTests" name="testPostUser" time="1.402"/>
  <testcase classname="api.test.DDTests" name="testPostUser" time="1.399"/>
  <testcase classname="api.test.DDTests" name="testPostUser" time="1.369"/>
  <testcase classname="api.test.DDTests" name="testDeleteUser" time="1.369"/>
  <testcase classname="api.test.DDTests" name="testDeleteUser" time="1.329"/>
  <testcase classname="api.test.DDTests" name="testDeleteUser" time="1.335"/>
  <testcase classname="api.test.DDTests" name="testDeleteUser" time="1.36"/>
  <testcase classname="api.test.DDTests" name="testGetUser" time="1.411"/>
  <testcase classname="api.test.DDTests" name="testGetUser" time="1.363"/>
  <testcase classname="api.test.DDTests" name="testGetUser" time="1.393"/>
  <testcase classname="api.test.DDTests" name="testGetUser" time="1.428"/>
  <testcase classname="api.test.UserTests" name="testPostUser" time="1.416"/>
  <testcase classname="api.test.UserTests" name="testGetUserByName" time="2.21"/>
  <testcase classname="api.test.UserTests" name="testUpdateUserByName" time="2.892"/>
  <testcase classname="api.test.UserTests" name="testDeleteUserByUsername" time="1.403"/>
</testsuite> <!-- Surefire test -->
