<?xml version="1.0" encoding="UTF-8"?>
<!-- Generated by org.testng.reporters.JUnitXMLReporter -->
<testsuite ignored="0" hostname="itp-lapw175" failures="0" tests="12" name="Default test" time="19.236" errors="0" timestamp="2024-10-14T12:05:49 IST">
  <testcase classname="api.test.DDTests" name="testPostUser" time="3.239"/>
  <testcase classname="api.test.DDTests" name="testPostUser" time="1.338"/>
  <testcase classname="api.test.DDTests" name="testPostUser" time="1.362"/>
  <testcase classname="api.test.DDTests" name="testPostUser" time="1.125"/>
  <testcase classname="api.test.DDTests" name="testDeleteUser" time="1.138"/>
  <testcase classname="api.test.DDTests" name="testDeleteUser" time="1.356"/>
  <testcase classname="api.test.DDTests" name="testDeleteUser" time="1.38"/>
  <testcase classname="api.test.DDTests" name="testDeleteUser" time="1.366"/>
  <testcase classname="api.test.DDTests" name="testGetUser" time="1.361"/>
  <testcase classname="api.test.DDTests" name="testGetUser" time="1.343"/>
  <testcase classname="api.test.DDTests" name="testGetUser" time="1.364"/>
  <testcase classname="api.test.DDTests" name="testGetUser" time="1.373"/>
</testsuite> <!-- Default test -->
