<?xml version="1.0" encoding="UTF-8"?>
<testng-results ignored="0" total="16" passed="16" failed="0" skipped="0">
  <reporter-output>
  </reporter-output>
  <suite started-at="2024-10-15T14:19:42 IST" name="Surefire suite" finished-at="2024-10-15T14:20:11 IST" duration-ms="28537">
    <groups>
    </groups>
    <test started-at="2024-10-15T14:19:42 IST" name="Surefire test" finished-at="2024-10-15T14:20:11 IST" duration-ms="28537">
      <class name="api.test.UserTests">
        <test-method is-config="true" signature="setup()[pri:0, instance:api.test.UserTests@6ef888f6]" started-at="2024-10-15T14:20:02 IST" name="setup" finished-at="2024-10-15T14:20:03 IST" duration-ms="297" status="PASS">
          <reporter-output>
          </reporter-output>
        </test-method> <!-- setup -->
        <test-method signature="testPostUser()[pri:1, instance:api.test.UserTests@6ef888f6]" started-at="2024-10-15T14:20:03 IST" name="testPostUser" finished-at="2024-10-15T14:20:04 IST" duration-ms="1416" status="PASS">
          <reporter-output>
          </reporter-output>
        </test-method> <!-- testPostUser -->
        <test-method signature="testGetUserByName()[pri:2, instance:api.test.UserTests@6ef888f6]" started-at="2024-10-15T14:20:04 IST" name="testGetUserByName" finished-at="2024-10-15T14:20:06 IST" duration-ms="2210" status="PASS">
          <reporter-output>
          </reporter-output>
        </test-method> <!-- testGetUserByName -->
        <test-method signature="testUpdateUserByName()[pri:3, instance:api.test.UserTests@6ef888f6]" started-at="2024-10-15T14:20:06 IST" name="testUpdateUserByName" finished-at="2024-10-15T14:20:09 IST" duration-ms="2892" status="PASS">
          <reporter-output>
          </reporter-output>
        </test-method> <!-- testUpdateUserByName -->
        <test-method signature="testDeleteUserByUsername()[pri:4, instance:api.test.UserTests@6ef888f6]" started-at="2024-10-15T14:20:09 IST" name="testDeleteUserByUsername" finished-at="2024-10-15T14:20:11 IST" duration-ms="1403" status="PASS">
          <reporter-output>
          </reporter-output>
        </test-method> <!-- testDeleteUserByUsername -->
      </class> <!-- api.test.UserTests -->
      <class name="api.test.DDTests">
        <test-method signature="testPostUser(java.lang.String,java.lang.String,java.lang.String,java.lang.String,java.lang.String,java.lang.String,java.lang.String)[pri:1, instance:api.test.DDTests@2bbf180e]" started-at="2024-10-15T14:19:43 IST" name="testPostUser" data-provider="Data" finished-at="2024-10-15T14:19:47 IST" duration-ms="3580" status="PASS">
          <params>
            <param index="0">
              <value>
                <![CDATA[1011]]>
              </value>
            </param>
            <param index="1">
              <value>
                <![CDATA[testuserjg1]]>
              </value>
            </param>
            <param index="2">
              <value>
                <![CDATA[jg1]]>
              </value>
            </param>
            <param index="3">
              <value>
                <![CDATA[linz1]]>
              </value>
            </param>
            <param index="4">
              <value>
                <![CDATA[jg1@gmail.com]]>
              </value>
            </param>
            <param index="5">
              <value>
                <![CDATA[test@1]]>
              </value>
            </param>
            <param index="6">
              <value>
                <![CDATA[1234567]]>
              </value>
            </param>
          </params>
          <reporter-output>
          </reporter-output>
        </test-method> <!-- testPostUser -->
        <test-method signature="testPostUser(java.lang.String,java.lang.String,java.lang.String,java.lang.String,java.lang.String,java.lang.String,java.lang.String)[pri:1, instance:api.test.DDTests@2bbf180e]" started-at="2024-10-15T14:19:47 IST" name="testPostUser" data-provider="Data" finished-at="2024-10-15T14:19:48 IST" duration-ms="1402" status="PASS">
          <params>
            <param index="0">
              <value>
                <![CDATA[1012]]>
              </value>
            </param>
            <param index="1">
              <value>
                <![CDATA[testuserjg2]]>
              </value>
            </param>
            <param index="2">
              <value>
                <![CDATA[jg2]]>
              </value>
            </param>
            <param index="3">
              <value>
                <![CDATA[linz2]]>
              </value>
            </param>
            <param index="4">
              <value>
                <![CDATA[jg2@gmail.com]]>
              </value>
            </param>
            <param index="5">
              <value>
                <![CDATA[test@2]]>
              </value>
            </param>
            <param index="6">
              <value>
                <![CDATA[1234568]]>
              </value>
            </param>
          </params>
          <reporter-output>
          </reporter-output>
        </test-method> <!-- testPostUser -->
        <test-method signature="testPostUser(java.lang.String,java.lang.String,java.lang.String,java.lang.String,java.lang.String,java.lang.String,java.lang.String)[pri:1, instance:api.test.DDTests@2bbf180e]" started-at="2024-10-15T14:19:48 IST" name="testPostUser" data-provider="Data" finished-at="2024-10-15T14:19:50 IST" duration-ms="1399" status="PASS">
          <params>
            <param index="0">
              <value>
                <![CDATA[1013]]>
              </value>
            </param>
            <param index="1">
              <value>
                <![CDATA[testuserjg3]]>
              </value>
            </param>
            <param index="2">
              <value>
                <![CDATA[jg3]]>
              </value>
            </param>
            <param index="3">
              <value>
                <![CDATA[linz3]]>
              </value>
            </param>
            <param index="4">
              <value>
                <![CDATA[jg3@gmail.com]]>
              </value>
            </param>
            <param index="5">
              <value>
                <![CDATA[test@3]]>
              </value>
            </param>
            <param index="6">
              <value>
                <![CDATA[1234569]]>
              </value>
            </param>
          </params>
          <reporter-output>
          </reporter-output>
        </test-method> <!-- testPostUser -->
        <test-method signature="testPostUser(java.lang.String,java.lang.String,java.lang.String,java.lang.String,java.lang.String,java.lang.String,java.lang.String)[pri:1, instance:api.test.DDTests@2bbf180e]" started-at="2024-10-15T14:19:50 IST" name="testPostUser" data-provider="Data" finished-at="2024-10-15T14:19:51 IST" duration-ms="1369" status="PASS">
          <params>
            <param index="0">
              <value>
                <![CDATA[1014]]>
              </value>
            </param>
            <param index="1">
              <value>
                <![CDATA[testuserjg4]]>
              </value>
            </param>
            <param index="2">
              <value>
                <![CDATA[jg4]]>
              </value>
            </param>
            <param index="3">
              <value>
                <![CDATA[linz4]]>
              </value>
            </param>
            <param index="4">
              <value>
                <![CDATA[jg4@gmail.com]]>
              </value>
            </param>
            <param index="5">
              <value>
                <![CDATA[test@4]]>
              </value>
            </param>
            <param index="6">
              <value>
                <![CDATA[1234570]]>
              </value>
            </param>
          </params>
          <reporter-output>
          </reporter-output>
        </test-method> <!-- testPostUser -->
        <test-method signature="testDeleteUser(java.lang.String)[pri:2, instance:api.test.DDTests@2bbf180e]" started-at="2024-10-15T14:19:51 IST" name="testDeleteUser" data-provider="UserNames" finished-at="2024-10-15T14:19:53 IST" duration-ms="1369" status="PASS">
          <params>
            <param index="0">
              <value>
                <![CDATA[testuserjg1]]>
              </value>
            </param>
          </params>
          <reporter-output>
          </reporter-output>
        </test-method> <!-- testDeleteUser -->
        <test-method signature="testDeleteUser(java.lang.String)[pri:2, instance:api.test.DDTests@2bbf180e]" started-at="2024-10-15T14:19:53 IST" name="testDeleteUser" data-provider="UserNames" finished-at="2024-10-15T14:19:54 IST" duration-ms="1329" status="PASS">
          <params>
            <param index="0">
              <value>
                <![CDATA[testuserjg2]]>
              </value>
            </param>
          </params>
          <reporter-output>
          </reporter-output>
        </test-method> <!-- testDeleteUser -->
        <test-method signature="testDeleteUser(java.lang.String)[pri:2, instance:api.test.DDTests@2bbf180e]" started-at="2024-10-15T14:19:54 IST" name="testDeleteUser" data-provider="UserNames" finished-at="2024-10-15T14:19:55 IST" duration-ms="1335" status="PASS">
          <params>
            <param index="0">
              <value>
                <![CDATA[testuserjg3]]>
              </value>
            </param>
          </params>
          <reporter-output>
          </reporter-output>
        </test-method> <!-- testDeleteUser -->
        <test-method signature="testDeleteUser(java.lang.String)[pri:2, instance:api.test.DDTests@2bbf180e]" started-at="2024-10-15T14:19:55 IST" name="testDeleteUser" data-provider="UserNames" finished-at="2024-10-15T14:19:57 IST" duration-ms="1360" status="PASS">
          <params>
            <param index="0">
              <value>
                <![CDATA[testuserjg4]]>
              </value>
            </param>
          </params>
          <reporter-output>
          </reporter-output>
        </test-method> <!-- testDeleteUser -->
        <test-method signature="testGetUser(java.lang.String)[pri:3, instance:api.test.DDTests@2bbf180e]" started-at="2024-10-15T14:19:57 IST" name="testGetUser" data-provider="UserNames" finished-at="2024-10-15T14:19:58 IST" duration-ms="1411" status="PASS">
          <params>
            <param index="0">
              <value>
                <![CDATA[testuserjg1]]>
              </value>
            </param>
          </params>
          <reporter-output>
          </reporter-output>
        </test-method> <!-- testGetUser -->
        <test-method signature="testGetUser(java.lang.String)[pri:3, instance:api.test.DDTests@2bbf180e]" started-at="2024-10-15T14:19:58 IST" name="testGetUser" data-provider="UserNames" finished-at="2024-10-15T14:20:00 IST" duration-ms="1363" status="PASS">
          <params>
            <param index="0">
              <value>
                <![CDATA[testuserjg2]]>
              </value>
            </param>
          </params>
          <reporter-output>
          </reporter-output>
        </test-method> <!-- testGetUser -->
        <test-method signature="testGetUser(java.lang.String)[pri:3, instance:api.test.DDTests@2bbf180e]" started-at="2024-10-15T14:20:00 IST" name="testGetUser" data-provider="UserNames" finished-at="2024-10-15T14:20:01 IST" duration-ms="1393" status="PASS">
          <params>
            <param index="0">
              <value>
                <![CDATA[testuserjg3]]>
              </value>
            </param>
          </params>
          <reporter-output>
          </reporter-output>
        </test-method> <!-- testGetUser -->
        <test-method signature="testGetUser(java.lang.String)[pri:3, instance:api.test.DDTests@2bbf180e]" started-at="2024-10-15T14:20:01 IST" name="testGetUser" data-provider="UserNames" finished-at="2024-10-15T14:20:02 IST" duration-ms="1428" status="PASS">
          <params>
            <param index="0">
              <value>
                <![CDATA[testuserjg4]]>
              </value>
            </param>
          </params>
          <reporter-output>
          </reporter-output>
        </test-method> <!-- testGetUser -->
      </class> <!-- api.test.DDTests -->
    </test> <!-- Surefire test -->
  </suite> <!-- Surefire suite -->
</testng-results>
